<?xml version="1.0" encoding="UTF-8"?>
<!-- Generated by org.testng.reporters.JUnitReportReporter -->
<testsuite hostname="Mridul" failures="0" tests="1" name="agi.qa.airdoctor.tests.Ad2500AffiliatePageTest" time="0.000" errors="0" timestamp="2024-06-04T21:02:59 IST" skipped="1">
  <testcase classname="agi.qa.airdoctor.tests.Ad2500AffiliatePageTest" name="AffiliateLinkTest" time="0.000">
    <skipped/>
  </testcase> <!-- AffiliateLinkTest -->
</testsuite> <!-- agi.qa.airdoctor.tests.Ad2500AffiliatePageTest -->
