<?xml version="1.0" encoding="UTF-8"?>
<!-- Generated by org.testng.reporters.JUnitReportReporter -->
<testsuite hostname="Mridul" failures="0" tests="2" name="agi.qa.airdoctor.tests.Ad2500AffiliatePageTest" time="51.865" errors="0" timestamp="2024-05-03T02:13:52 IST" skipped="0">
  <testcase classname="agi.qa.airdoctor.tests.Ad2500AffiliatePageTest" name="AffiliateLinkTest" time="26.351"/>
  <testcase classname="agi.qa.airdoctor.tests.Ad2500AffiliatePageTest" name="AffiliateLinkTest" time="25.514"/>
</testsuite> <!-- agi.qa.airdoctor.tests.Ad2500AffiliatePageTest -->
