<?xml version="1.0" encoding="UTF-8"?>
<!-- Generated by org.testng.reporters.JUnitReportReporter -->
<testsuite hostname="Mridul" failures="0" tests="2" name="agi.qa.airdoctor.tests.Ad2500AffiliatePageTest" time="57.035" errors="0" timestamp="2024-05-03T04:32:43 IST" skipped="0">
  <testcase classname="agi.qa.airdoctor.tests.Ad2500AffiliatePageTest" name="AffiliateLinkTest" time="31.230"/>
  <testcase classname="agi.qa.airdoctor.tests.Ad2500AffiliatePageTest" name="AffiliateLinkTest" time="25.805"/>
</testsuite> <!-- agi.qa.airdoctor.tests.Ad2500AffiliatePageTest -->
