<?xml version="1.0" encoding="UTF-8"?>
<!-- Generated by org.testng.reporters.JUnitReportReporter -->
<testsuite hostname="Mridul" failures="0" tests="5" name="agi.qa.airdoctor.tests.ProductDispalyPageTest" time="0.050" errors="1" timestamp="2024-04-18T21:40:27 IST" skipped="4">
  <testcase classname="agi.qa.airdoctor.tests.ProductDispalyPageTest" name="placeOrder" time="0.000">
    <skipped/>
  </testcase> <!-- placeOrder -->
  <testcase classname="agi.qa.airdoctor.tests.ProductDispalyPageTest" name="placeOrder" time="0.000">
    <skipped/>
  </testcase> <!-- placeOrder -->
  <testcase classname="agi.qa.airdoctor.tests.ProductDispalyPageTest" name="placeOrder" time="0.000">
    <skipped/>
  </testcase> <!-- placeOrder -->
  <testcase classname="agi.qa.airdoctor.tests.ProductDispalyPageTest" name="pdpSetup" time="0.050">
    <error message="Element must be set" type="java.lang.IllegalArgumentException">
      <![CDATA[java.lang.IllegalArgumentException: Element must be set
at org.openqa.selenium.internal.Require.nonNull(Require.java:60)
at org.openqa.selenium.interactions.PointerInput$Origin.fromElement(PointerInput.java:277)
at org.openqa.selenium.interactions.Actions.moveInTicks(Actions.java:345)
at org.openqa.selenium.interactions.Actions.click(Actions.java:273)
at agi.qa.airdoctor.utils.ElementUtil.doActionsClick(ElementUtil.java:392)
at agi.qa.airdoctor.pages.LoginPage.doLogin(LoginPage.java:60)
at agi.qa.airdoctor.tests.ProductDispalyPageTest.pdpSetup(ProductDispalyPageTest.java:22)
at java.base/jdk.internal.reflect.NativeMethodAccessorImpl.invoke0(Native Method)
at java.base/jdk.internal.reflect.NativeMethodAccessorImpl.invoke(NativeMethodAccessorImpl.java:77)
at java.base/jdk.internal.reflect.DelegatingMethodAccessorImpl.invoke(DelegatingMethodAccessorImpl.java:43)
at java.base/java.lang.reflect.Method.invoke(Method.java:568)
at org.testng.internal.MethodInvocationHelper.invokeMethod(MethodInvocationHelper.java:133)
at org.testng.internal.MethodInvocationHelper.invokeMethodConsideringTimeout(MethodInvocationHelper.java:62)
at org.testng.internal.ConfigInvoker.invokeConfigurationMethod(ConfigInvoker.java:340)
at org.testng.internal.ConfigInvoker.invokeConfigurations(ConfigInvoker.java:294)
at org.testng.internal.TestMethodWorker.invokeBeforeClassMethods(TestMethodWorker.java:176)
at org.testng.internal.TestMethodWorker.run(TestMethodWorker.java:122)
at java.base/java.util.ArrayList.forEach(ArrayList.java:1511)
at org.testng.TestRunner.privateRun(TestRunner.java:770)
at org.testng.TestRunner.run(TestRunner.java:591)
at org.testng.SuiteRunner.runTest(SuiteRunner.java:402)
at org.testng.SuiteRunner.runSequentially(SuiteRunner.java:396)
at org.testng.SuiteRunner.privateRun(SuiteRunner.java:355)
at org.testng.SuiteRunner.run(SuiteRunner.java:304)
at org.testng.SuiteRunnerWorker.runSuite(SuiteRunnerWorker.java:53)
at org.testng.SuiteRunnerWorker.run(SuiteRunnerWorker.java:96)
at org.testng.TestNG.runSuitesSequentially(TestNG.java:1180)
at org.testng.TestNG.runSuitesLocally(TestNG.java:1102)
at org.testng.TestNG.runSuites(TestNG.java:1032)
at org.testng.TestNG.run(TestNG.java:1000)
at org.testng.remote.AbstractRemoteTestNG.run(AbstractRemoteTestNG.java:115)
at org.testng.remote.RemoteTestNG.initAndRun(RemoteTestNG.java:251)
at org.testng.remote.RemoteTestNG.main(RemoteTestNG.java:77)
]]>
    </error>
  </testcase> <!-- pdpSetup -->
  <testcase classname="agi.qa.airdoctor.tests.ProductDispalyPageTest" name="placeOrder" time="0.000">
    <skipped/>
  </testcase> <!-- placeOrder -->
</testsuite> <!-- agi.qa.airdoctor.tests.ProductDispalyPageTest -->
